app/build/intermediates/manifest_merge_blame_file/debug/manifest-merger-blame-debug-report.txt
1<?xml version="1.0" encoding="utf-8"?>
2<manifest xmlns:android="http://schemas.android.com/apk/res/android"
3    package="com.example.android.twoactivities"
4    android:versionCode="1"
5    android:versionName="1.0" >
6
7    <uses-sdk
8        android:minSdkVersion="15"
8-->src\main\AndroidManifest.xml
9        android:targetSdkVersion="24" />
9-->src\main\AndroidManifest.xml
10
11    <application
11-->src\main\AndroidManifest.xml:5:5-25:19
12        android:allowBackup="true"
12-->src\main\AndroidManifest.xml:6:9-35
13        android:debuggable="true"
14        android:icon="@mipmap/ic_launcher"
14-->src\main\AndroidManifest.xml:7:9-43
15        android:label="@string/app_name"
15-->src\main\AndroidManifest.xml:8:9-41
16        android:supportsRtl="true"
16-->src\main\AndroidManifest.xml:9:9-35
17        android:testOnly="true"
18        android:theme="@style/AppTheme" >
18-->src\main\AndroidManifest.xml:10:9-40
19        <activity android:name="com.example.android.twoactivities.MainActivity" >
19-->src\main\AndroidManifest.xml:11:9-16:20
19-->src\main\AndroidManifest.xml:11:19-47
20            <intent-filter>
20-->src\main\AndroidManifest.xml:12:13-15:29
21                <action android:name="android.intent.action.MAIN" />
21-->src\main\AndroidManifest.xml:13:17-69
21-->src\main\AndroidManifest.xml:13:25-66
22
23                <category android:name="android.intent.category.LAUNCHER" />
23-->src\main\AndroidManifest.xml:14:17-77
23-->src\main\AndroidManifest.xml:14:27-74
24            </intent-filter>
25        </activity>
26        <activity
26-->src\main\AndroidManifest.xml:17:9-24:20
27            android:name="com.example.android.twoactivities.SecondActivity"
27-->src\main\AndroidManifest.xml:18:13-43
28            android:label="@string/activity2_name"
28-->src\main\AndroidManifest.xml:19:13-51
29            android:parentActivityName="com.example.android.twoactivities.MainActivity" >
29-->src\main\AndroidManifest.xml:20:13-55
30            <meta-data
30-->src\main\AndroidManifest.xml:21:13-23:82
31                android:name="android.support.PARENT_ACTIVITY"
31-->src\main\AndroidManifest.xml:22:17-63
32                android:value="com.example.android.twoactivities.MainActivity" />
32-->src\main\AndroidManifest.xml:23:17-79
33        </activity>
34    </application>
35
36</manifest>